1615534770157	geckodriver	INFO	Listening on 127.0.0.1:2979
1615534773099	mozrunner::runner	INFO	Running command: "C:\\Program Files\\Mozilla Firefox\\firefox.exe" "--marionette" "--no-sandbox" "--headless" "-foreground" "-no-remote" "-profile" "C:\\Users\\circle\\AppData\\Local\\Temp\\rust_mozprofilee0OZpU"
*** You are running in headless mode.
console.warn: SearchSettings: "get: No settings file exists, new profile?" (new Error("", "(unknown module)"))
1615534774234	Marionette	INFO	Listening on port 2989
1615534774646	Marionette	WARN	TLS certificate errors will be ignored for this session
Marionette threw an error: NotFoundError: WindowGlobalParent.getActor: No such JSWindowActor 'MarionetteCommands'
getMarionetteCommandsActorProxy/get/<@chrome://marionette/content/actors/MarionetteCommandsParent.jsm:332:69
unregisterCommandsActor@chrome://marionette/content/actors/MarionetteCommandsParent.jsm:395:15
GeckoDriver.prototype.deleteSession@chrome://marionette/content/driver.js:3009:5
onClosed@chrome://marionette/content/server.js:196:17
close@chrome://marionette/content/transport.js:225:18
onInputStreamReady@chrome://marionette/content/transport.js:379:14

1615535012793	geckodriver	INFO	Listening on 127.0.0.1:3687
1615535015991	mozrunner::runner	INFO	Running command: "C:\\Program Files\\Mozilla Firefox\\firefox.exe" "--marionette" "--no-sandbox" "--headless" "-foreground" "-no-remote" "-profile" "C:\\Users\\circle\\AppData\\Local\\Temp\\rust_mozprofile6UsQ0l"
*** You are running in headless mode.
console.warn: SearchSettings: "get: No settings file exists, new profile?" (new Error("", "(unknown module)"))
1615535020943	Marionette	INFO	Listening on port 3714
1615535021499	Marionette	WARN	TLS certificate errors will be ignored for this session
1615535041726	Marionette	INFO	Stopped listening on port 3714
JavaScript error: resource://activity-stream/lib/ASRouter.jsm, line 988: NS_ERROR_ILLEGAL_VALUE: Component returned failure code: 0x80070057 (NS_ERROR_ILLEGAL_VALUE) [nsIObserverService.removeObserver]
1615535539014	geckodriver	INFO	Listening on 127.0.0.1:8305
1615535542103	mozrunner::runner	INFO	Running command: "C:\\Program Files\\Mozilla Firefox\\firefox.exe" "--marionette" "--no-sandbox" "--headless" "-foreground" "-no-remote" "-profile" "C:\\Users\\circle\\AppData\\Local\\Temp\\rust_mozprofilePvJLQ4"
*** You are running in headless mode.
console.warn: SearchSettings: "get: No settings file exists, new profile?" (new Error("", "(unknown module)"))
1615535543186	Marionette	INFO	Listening on port 8318
1615535543636	Marionette	WARN	TLS certificate errors will be ignored for this session
1615535558916	Marionette	INFO	Stopped listening on port 8318
1615535803287	geckodriver	INFO	Listening on 127.0.0.1:8795
1615535806950	mozrunner::runner	INFO	Running command: "C:\\Program Files\\Mozilla Firefox\\firefox.exe" "--marionette" "--no-sandbox" "--headless" "-foreground" "-no-remote" "-profile" "C:\\Users\\circle\\AppData\\Local\\Temp\\rust_mozprofilebiccKd"
*** You are running in headless mode.
console.warn: SearchSettings: "get: No settings file exists, new profile?" (new Error("", "(unknown module)"))
1615535808166	Marionette	INFO	Listening on port 8830
1615535808511	Marionette	WARN	TLS certificate errors will be ignored for this session
1615535825975	Marionette	INFO	Stopped listening on port 8830
1615536224859	geckodriver	INFO	Listening on 127.0.0.1:9625
1615536228412	mozrunner::runner	INFO	Running command: "C:\\Program Files\\Mozilla Firefox\\firefox.exe" "--marionette" "--no-sandbox" "--headless" "-foreground" "-no-remote" "-profile" "C:\\Users\\circle\\AppData\\Local\\Temp\\rust_mozprofile07eYTE"
*** You are running in headless mode.
console.warn: SearchSettings: "get: No settings file exists, new profile?" (new Error("", "(unknown module)"))
1615536229489	Marionette	INFO	Listening on port 9634
1615536229984	Marionette	WARN	TLS certificate errors will be ignored for this session
1615536246214	Marionette	INFO	Stopped listening on port 9634
1615536527025	geckodriver	INFO	Listening on 127.0.0.1:10140
1615536530409	mozrunner::runner	INFO	Running command: "C:\\Program Files\\Mozilla Firefox\\firefox.exe" "--marionette" "--no-sandbox" "--headless" "-foreground" "-no-remote" "-profile" "C:\\Users\\circle\\AppData\\Local\\Temp\\rust_mozprofile6qQgIh"
*** You are running in headless mode.
console.warn: SearchSettings: "get: No settings file exists, new profile?" (new Error("", "(unknown module)"))
1615536531600	Marionette	INFO	Listening on port 10155
1615536531948	Marionette	WARN	TLS certificate errors will be ignored for this session
1615536548192	Marionette	INFO	Stopped listening on port 10155

###!!! [Parent][RunMessage] Error: Channel closing: too late to send/recv, messages will be lost

1615536548659	geckodriver	INFO	Listening on 127.0.0.1:10241
1615536551752	mozrunner::runner	INFO	Running command: "C:\\Program Files\\Mozilla Firefox\\firefox.exe" "--marionette" "--no-sandbox" "--headless" "-foreground" "-no-remote" "-profile" "C:\\Users\\circle\\AppData\\Local\\Temp\\rust_mozprofilej9Txfb"
*** You are running in headless mode.
console.warn: SearchSettings: "get: No settings file exists, new profile?" (new Error("", "(unknown module)"))
1615536552858	Marionette	INFO	Listening on port 10256
1615536553284	Marionette	WARN	TLS certificate errors will be ignored for this session
1615536569428	Marionette	INFO	Stopped listening on port 10256
1615536605872	geckodriver	INFO	Listening on 127.0.0.1:10395
1615536608947	mozrunner::runner	INFO	Running command: "C:\\Program Files\\Mozilla Firefox\\firefox.exe" "--marionette" "--no-sandbox" "--headless" "-foreground" "-no-remote" "-profile" "C:\\Users\\circle\\AppData\\Local\\Temp\\rust_mozprofile8StB0l"
*** You are running in headless mode.
console.warn: SearchSettings: "get: No settings file exists, new profile?" (new Error("", "(unknown module)"))
1615536610114	Marionette	INFO	Listening on port 10408
1615536610479	Marionette	WARN	TLS certificate errors will be ignored for this session
1615536626529	Marionette	INFO	Stopped listening on port 10408
1615536869491	geckodriver	INFO	Listening on 127.0.0.1:11088
1615536872909	mozrunner::runner	INFO	Running command: "C:\\Program Files\\Mozilla Firefox\\firefox.exe" "--marionette" "--no-sandbox" "--headless" "-foreground" "-no-remote" "-profile" "C:\\Users\\circle\\AppData\\Local\\Temp\\rust_mozprofileqfa7Xl"
*** You are running in headless mode.
console.warn: SearchSettings: "get: No settings file exists, new profile?" (new Error("", "(unknown module)"))
1615536874030	Marionette	INFO	Listening on port 11103
1615536874471	Marionette	WARN	TLS certificate errors will be ignored for this session
1615536890768	Marionette	INFO	Stopped listening on port 11103

###!!! [Parent][RunMessage] Error: Channel closing: too late to send/recv, messages will be lost

1615537632716	geckodriver	INFO	Listening on 127.0.0.1:12988
1615537642532	mozrunner::runner	INFO	Running command: "C:\\Program Files\\Mozilla Firefox\\firefox.exe" "--marionette" "--no-sandbox" "--headless" "-foreground" "-no-remote" "-profile" "C:\\Users\\circle\\AppData\\Local\\Temp\\rust_mozprofilecM07oB"
*** You are running in headless mode.
console.warn: SearchSettings: "get: No settings file exists, new profile?" (new Error("", "(unknown module)"))
1615537643721	Marionette	INFO	Listening on port 13022
1615537645922	Marionette	WARN	TLS certificate errors will be ignored for this session
1615537666039	Marionette	INFO	Stopped listening on port 13022
1615539836601	geckodriver	INFO	Listening on 127.0.0.1:4819
1615539846564	mozrunner::runner	INFO	Running command: "C:\\Program Files\\Mozilla Firefox\\firefox.exe" "--marionette" "--no-sandbox" "--headless" "-foreground" "-no-remote" "-profile" "C:\\Users\\circle\\AppData\\Local\\Temp\\rust_mozprofileeH3tbY"
*** You are running in headless mode.
console.warn: SearchSettings: "get: No settings file exists, new profile?" (new Error("", "(unknown module)"))
1615539847907	Marionette	INFO	Listening on port 4847
1615539848759	Marionette	WARN	TLS certificate errors will be ignored for this session
1615539869056	Marionette	INFO	Stopped listening on port 4847

###!!! [Child][RunMessage] Error: Channel closing: too late to send/recv, messages will be lost


###!!! [Parent][RunMessage] Error: Channel closing: too late to send/recv, messages will be lost

1615543764550	geckodriver	INFO	Listening on 127.0.0.1:1122
1615543783482	mozrunner::runner	INFO	Running command: "C:\\Program Files\\Mozilla Firefox\\firefox.exe" "--marionette" "--no-sandbox" "--headless" "-foreground" "-no-remote" "-profile" "C:\\Users\\circle\\AppData\\Local\\Temp\\rust_mozprofileoywPrF"
*** You are running in headless mode.
console.warn: SearchSettings: "get: No settings file exists, new profile?" (new Error("", "(unknown module)"))
1615543784973	Marionette	INFO	Listening on port 1172
1615543786825	Marionette	WARN	TLS certificate errors will be ignored for this session
1615543807785	Marionette	INFO	Stopped listening on port 1172
1615544194912	geckodriver	INFO	Listening on 127.0.0.1:2784
1615544209614	mozrunner::runner	INFO	Running command: "C:\\Program Files\\Mozilla Firefox\\firefox.exe" "--marionette" "--no-sandbox" "--headless" "-foreground" "-no-remote" "-profile" "C:\\Users\\circle\\AppData\\Local\\Temp\\rust_mozprofileefWtde"
*** You are running in headless mode.
console.warn: SearchSettings: "get: No settings file exists, new profile?" (new Error("", "(unknown module)"))
1615544211156	Marionette	INFO	Listening on port 2858
1615544212230	Marionette	WARN	TLS certificate errors will be ignored for this session
console.error: Region.jsm: "Error fetching region" (new Error("TIMEOUT", "resource://gre/modules/Region.jsm", 775))
console.error: Region.jsm: "Failed to fetch region" (new Error("TIMEOUT", "resource://gre/modules/Region.jsm", 422))
1615544232669	Marionette	INFO	Stopped listening on port 2858
1615546548169	geckodriver	INFO	Listening on 127.0.0.1:3881
1615546551234	mozrunner::runner	INFO	Running command: "C:\\Program Files\\Mozilla Firefox\\firefox.exe" "--marionette" "--no-sandbox" "--headless" "-foreground" "-no-remote" "-profile" "C:\\Users\\circle\\AppData\\Local\\Temp\\rust_mozprofilelfU8hu"
*** You are running in headless mode.
console.warn: SearchSettings: "get: No settings file exists, new profile?" (new Error("", "(unknown module)"))
1615546552367	Marionette	INFO	Listening on port 3895
1615546552776	Marionette	WARN	TLS certificate errors will be ignored for this session
console.error: Region.jsm: "Error fetching region" (new Error("TIMEOUT", "resource://gre/modules/Region.jsm", 775))
console.error: Region.jsm: "Failed to fetch region" (new Error("TIMEOUT", "resource://gre/modules/Region.jsm", 422))
1615546568360	Marionette	INFO	Stopped listening on port 3895
1615546700496	geckodriver	INFO	Listening on 127.0.0.1:8935
1615546703548	mozrunner::runner	INFO	Running command: "C:\\Program Files\\Mozilla Firefox\\firefox.exe" "--marionette" "--no-sandbox" "--headless" "-foreground" "-no-remote" "-profile" "C:\\Users\\circle\\AppData\\Local\\Temp\\rust_mozprofilex4GWpU"
*** You are running in headless mode.
console.warn: SearchSettings: "get: No settings file exists, new profile?" (new Error("", "(unknown module)"))
1615546704739	Marionette	INFO	Listening on port 8948
1615546705083	Marionette	WARN	TLS certificate errors will be ignored for this session
1615546724830	Marionette	INFO	Stopped listening on port 8948

###!!! [Parent][RunMessage] Error: Channel closing: too late to send/recv, messages will be lost

1615548195391	geckodriver	INFO	Listening on 127.0.0.1:14631
1615548205871	mozrunner::runner	INFO	Running command: "C:\\Program Files\\Mozilla Firefox\\firefox.exe" "--marionette" "--no-sandbox" "--headless" "-foreground" "-no-remote" "-profile" "C:\\Users\\circle\\AppData\\Local\\Temp\\rust_mozprofileczJGzd"
*** You are running in headless mode.
console.warn: SearchSettings: "get: No settings file exists, new profile?" (new Error("", "(unknown module)"))
1615548207125	Marionette	INFO	Listening on port 14667
1615548207963	Marionette	WARN	TLS certificate errors will be ignored for this session
1615548227558	Marionette	INFO	Stopped listening on port 14667
1615549695412	geckodriver	INFO	Listening on 127.0.0.1:5837
1615549698954	mozrunner::runner	INFO	Running command: "C:\\Program Files\\Mozilla Firefox\\firefox.exe" "--marionette" "--no-sandbox" "--headless" "-foreground" "-no-remote" "-profile" "C:\\Users\\circle\\AppData\\Local\\Temp\\rust_mozprofilef3owSC"
*** You are running in headless mode.
console.warn: SearchSettings: "get: No settings file exists, new profile?" (new Error("", "(unknown module)"))
1615549700076	Marionette	INFO	Listening on port 5853
1615549700548	Marionette	WARN	TLS certificate errors will be ignored for this session
1615549716123	Marionette	INFO	Stopped listening on port 5853
1615549905142	geckodriver	INFO	Listening on 127.0.0.1:6581
1615549913629	mozrunner::runner	INFO	Running command: "C:\\Program Files\\Mozilla Firefox\\firefox.exe" "--marionette" "--no-sandbox" "--headless" "-foreground" "-no-remote" "-profile" "C:\\Users\\circle\\AppData\\Local\\Temp\\rust_mozprofileh1xtGI"
*** You are running in headless mode.
console.warn: SearchSettings: "get: No settings file exists, new profile?" (new Error("", "(unknown module)"))
1615549914840	Marionette	INFO	Listening on port 6615
1615549915849	Marionette	WARN	TLS certificate errors will be ignored for this session
console.error: Region.jsm: "Error fetching region" (new Error("TIMEOUT", "resource://gre/modules/Region.jsm", 775))
console.error: Region.jsm: "Failed to fetch region" (new Error("TIMEOUT", "resource://gre/modules/Region.jsm", 422))
1615549933355	Marionette	INFO	Stopped listening on port 6615
1615550095586	geckodriver	INFO	Listening on 127.0.0.1:7267
1615550124860	mozrunner::runner	INFO	Running command: "C:\\Program Files\\Mozilla Firefox\\firefox.exe" "--marionette" "--no-sandbox" "--headless" "-foreground" "-no-remote" "-profile" "C:\\Users\\circle\\AppData\\Local\\Temp\\rust_mozprofileQZ5Tzz"
*** You are running in headless mode.
console.warn: SearchSettings: "get: No settings file exists, new profile?" (new Error("", "(unknown module)"))
1615550127425	Marionette	INFO	Listening on port 7360
1615550130291	Marionette	WARN	TLS certificate errors will be ignored for this session
1615550480234	geckodriver	INFO	Listening on 127.0.0.1:8349
1615550490269	mozrunner::runner	INFO	Running command: "C:\\Program Files\\Mozilla Firefox\\firefox.exe" "--marionette" "--no-sandbox" "--headless" "-foreground" "-no-remote" "-profile" "C:\\Users\\circle\\AppData\\Local\\Temp\\rust_mozprofileFY6hnG"
*** You are running in headless mode.
console.warn: SearchSettings: "get: No settings file exists, new profile?" (new Error("", "(unknown module)"))
1615550491562	Marionette	INFO	Listening on port 8386
1615550492184	Marionette	WARN	TLS certificate errors will be ignored for this session
1615550511223	Marionette	INFO	Stopped listening on port 8386
1615550828289	geckodriver	INFO	Listening on 127.0.0.1:9290
1615550831776	mozrunner::runner	INFO	Running command: "C:\\Program Files\\Mozilla Firefox\\firefox.exe" "--marionette" "--no-sandbox" "--headless" "-foreground" "-no-remote" "-profile" "C:\\Users\\circle\\AppData\\Local\\Temp\\rust_mozprofileEquy1M"
*** You are running in headless mode.
console.warn: SearchSettings: "get: No settings file exists, new profile?" (new Error("", "(unknown module)"))
1615550832893	Marionette	INFO	Listening on port 9304
1615550833326	Marionette	WARN	TLS certificate errors will be ignored for this session
1615550848900	Marionette	INFO	Stopped listening on port 9304
1615551144779	geckodriver	INFO	Listening on 127.0.0.1:12518
1615551148054	mozrunner::runner	INFO	Running command: "C:\\Program Files\\Mozilla Firefox\\firefox.exe" "--marionette" "--no-sandbox" "--headless" "-foreground" "-no-remote" "-profile" "C:\\Users\\circle\\AppData\\Local\\Temp\\rust_mozprofilepukW0u"
*** You are running in headless mode.
console.warn: SearchSettings: "get: No settings file exists, new profile?" (new Error("", "(unknown module)"))
1615551149266	Marionette	INFO	Listening on port 12550
1615551149615	Marionette	WARN	TLS certificate errors will be ignored for this session
1615551165228	Marionette	INFO	Stopped listening on port 12550
1615551396937	geckodriver	INFO	Listening on 127.0.0.1:13554
1615551399945	mozrunner::runner	INFO	Running command: "C:\\Program Files\\Mozilla Firefox\\firefox.exe" "--marionette" "--no-sandbox" "--headless" "-foreground" "-no-remote" "-profile" "C:\\Users\\circle\\AppData\\Local\\Temp\\rust_mozprofile816V4A"
*** You are running in headless mode.
console.warn: SearchSettings: "get: No settings file exists, new profile?" (new Error("", "(unknown module)"))
1615551401077	Marionette	INFO	Listening on port 13571
1615551401483	Marionette	WARN	TLS certificate errors will be ignored for this session
1615551417026	Marionette	INFO	Stopped listening on port 13571
1615558464003	geckodriver	INFO	Listening on 127.0.0.1:4701
1615558466991	mozrunner::runner	INFO	Running command: "C:\\Program Files\\Mozilla Firefox\\firefox.exe" "--marionette" "--no-sandbox" "--headless" "-foreground" "-no-remote" "-profile" "C:\\Users\\circle\\AppData\\Local\\Temp\\rust_mozprofilewWabKH"
*** You are running in headless mode.
console.warn: SearchSettings: "get: No settings file exists, new profile?" (new Error("", "(unknown module)"))
1615558468213	Marionette	INFO	Listening on port 4710
1615558468531	Marionette	WARN	TLS certificate errors will be ignored for this session
1615558483950	Marionette	INFO	Stopped listening on port 4710

###!!! [Parent][RunMessage] Error: Channel closing: too late to send/recv, messages will be lost

1615560571767	geckodriver	INFO	Listening on 127.0.0.1:3113
1615560577320	mozrunner::runner	INFO	Running command: "C:\\Program Files\\Mozilla Firefox\\firefox.exe" "--marionette" "--no-sandbox" "--headless" "-foreground" "-no-remote" "-profile" "C:\\Users\\circle\\AppData\\Local\\Temp\\rust_mozprofileco3Cez"
*** You are running in headless mode.
console.warn: SearchSettings: "get: No settings file exists, new profile?" (new Error("", "(unknown module)"))
1615560578410	Marionette	INFO	Listening on port 3128
1615560578882	Marionette	WARN	TLS certificate errors will be ignored for this session
1615560594438	Marionette	INFO	Stopped listening on port 3128
1615571463756	geckodriver	INFO	Listening on 127.0.0.1:1620
1615571466816	mozrunner::runner	INFO	Running command: "C:\\Program Files\\Mozilla Firefox\\firefox.exe" "--marionette" "--no-sandbox" "--headless" "-foreground" "-no-remote" "-profile" "C:\\Users\\circle\\AppData\\Local\\Temp\\rust_mozprofilev1MgG3"
*** You are running in headless mode.
console.warn: SearchSettings: "get: No settings file exists, new profile?" (new Error("", "(unknown module)"))
1615571468120	Marionette	INFO	Listening on port 1629
1615571468369	Marionette	WARN	TLS certificate errors will be ignored for this session
1615571483872	Marionette	INFO	Stopped listening on port 1629
1615571484300	geckodriver	INFO	Listening on 127.0.0.1:1692
1615571487526	mozrunner::runner	INFO	Running command: "C:\\Program Files\\Mozilla Firefox\\firefox.exe" "--marionette" "--no-sandbox" "--headless" "-foreground" "-no-remote" "-profile" "C:\\Users\\circle\\AppData\\Local\\Temp\\rust_mozprofile6B4d9X"
*** You are running in headless mode.
console.warn: SearchSettings: "get: No settings file exists, new profile?" (new Error("", "(unknown module)"))
1615571488748	Marionette	INFO	Listening on port 1711
1615571489074	Marionette	WARN	TLS certificate errors will be ignored for this session
1615571504396	Marionette	INFO	Stopped listening on port 1711
1615576006835	geckodriver	INFO	Listening on 127.0.0.1:11694
1615576010010	mozrunner::runner	INFO	Running command: "C:\\Program Files\\Mozilla Firefox\\firefox.exe" "--marionette" "--no-sandbox" "--headless" "-foreground" "-no-remote" "-profile" "C:\\Users\\circle\\AppData\\Local\\Temp\\rust_mozprofileKQ1lTC"
*** You are running in headless mode.
console.warn: SearchSettings: "get: No settings file exists, new profile?" (new Error("", "(unknown module)"))
1615576011377	Marionette	INFO	Listening on port 11705
1615576011694	Marionette	WARN	TLS certificate errors will be ignored for this session
1615576027746	Marionette	INFO	Stopped listening on port 11705
1615582204649	geckodriver	INFO	Listening on 127.0.0.1:10823
1615582207724	mozrunner::runner	INFO	Running command: "C:\\Program Files\\Mozilla Firefox\\firefox.exe" "--marionette" "--no-sandbox" "--headless" "-foreground" "-no-remote" "-profile" "C:\\Users\\circle\\AppData\\Local\\Temp\\rust_mozprofilellzMSM"
*** You are running in headless mode.
console.warn: SearchSettings: "get: No settings file exists, new profile?" (new Error("", "(unknown module)"))
1615582208799	Marionette	INFO	Listening on port 10831
1615582209272	Marionette	WARN	TLS certificate errors will be ignored for this session
1615582224890	Marionette	INFO	Stopped listening on port 10831
1615626305306	geckodriver	INFO	Listening on 127.0.0.1:8238
1615626308310	mozrunner::runner	INFO	Running command: "C:\\Program Files\\Mozilla Firefox\\firefox.exe" "--marionette" "--no-sandbox" "--headless" "-foreground" "-no-remote" "-profile" "C:\\Users\\circle\\AppData\\Local\\Temp\\rust_mozprofileY9DNdu"
*** You are running in headless mode.
console.warn: SearchSettings: "get: No settings file exists, new profile?" (new Error("", "(unknown module)"))
1615626310707	Marionette	INFO	Listening on port 8249
1615626311074	Marionette	WARN	TLS certificate errors will be ignored for this session
1615626327999	Marionette	INFO	Stopped listening on port 8249
1615678852974	geckodriver	INFO	Listening on 127.0.0.1:2089
1615678873095	mozrunner::runner	INFO	Running command: "C:\\Program Files\\Mozilla Firefox\\firefox.exe" "--marionette" "--no-sandbox" "--headless" "-foreground" "-no-remote" "-profile" "C:\\Users\\circle\\AppData\\Local\\Temp\\rust_mozprofilev5uryy"
*** You are running in headless mode.
console.warn: SearchSettings: "get: No settings file exists, new profile?" (new Error("", "(unknown module)"))
1615678875236	Marionette	INFO	Listening on port 2974
1615678875947	Marionette	WARN	TLS certificate errors will be ignored for this session
1615678894341	Marionette	INFO	Stopped listening on port 2974
1615693495346	geckodriver	INFO	Listening on 127.0.0.1:14920
1615693519989	mozrunner::runner	INFO	Running command: "C:\\Program Files\\Mozilla Firefox\\firefox.exe" "--marionette" "--no-sandbox" "--headless" "-foreground" "-no-remote" "-profile" "C:\\Users\\circle\\AppData\\Local\\Temp\\rust_mozprofile3GI5AP"
*** You are running in headless mode.
console.warn: SearchSettings: "get: No settings file exists, new profile?" (new Error("", "(unknown module)"))
1615693524297	Marionette	INFO	Listening on port 1041
1615693527163	Marionette	WARN	TLS certificate errors will be ignored for this session
1615693895371	geckodriver	INFO	Listening on 127.0.0.1:4307
1615693908858	mozrunner::runner	INFO	Running command: "C:\\Program Files\\Mozilla Firefox\\firefox.exe" "--marionette" "--no-sandbox" "--headless" "-foreground" "-no-remote" "-profile" "C:\\Users\\circle\\AppData\\Local\\Temp\\rust_mozprofilePUOwef"
*** You are running in headless mode.
console.warn: SearchSettings: "get: No settings file exists, new profile?" (new Error("", "(unknown module)"))
1615693911760	Marionette	INFO	Listening on port 4338
1615693912353	Marionette	WARN	TLS certificate errors will be ignored for this session
console.error: Region.jsm: "Error fetching region" (new Error("TIMEOUT", "resource://gre/modules/Region.jsm", 775))
console.error: Region.jsm: "Failed to fetch region" (new Error("TIMEOUT", "resource://gre/modules/Region.jsm", 422))
1615693943088	Marionette	INFO	Stopped listening on port 4338

###!!! [Parent][RunMessage] Error: Channel closing: too late to send/recv, messages will be lost

1615694268017	geckodriver	INFO	Listening on 127.0.0.1:7412
1615694272950	mozrunner::runner	INFO	Running command: "C:\\Program Files\\Mozilla Firefox\\firefox.exe" "--marionette" "--no-sandbox" "--headless" "-foreground" "-no-remote" "-profile" "C:\\Users\\circle\\AppData\\Local\\Temp\\rust_mozprofilet49wIH"
*** You are running in headless mode.
console.warn: SearchSettings: "get: No settings file exists, new profile?" (new Error("", "(unknown module)"))
1615694276147	Marionette	INFO	Listening on port 7431
1615694276666	Marionette	WARN	TLS certificate errors will be ignored for this session
1615694293723	Marionette	INFO	Stopped listening on port 7431
1615694294868	geckodriver	INFO	Listening on 127.0.0.1:7528
1615694297912	mozrunner::runner	INFO	Running command: "C:\\Program Files\\Mozilla Firefox\\firefox.exe" "--marionette" "--no-sandbox" "--headless" "-foreground" "-no-remote" "-profile" "C:\\Users\\circle\\AppData\\Local\\Temp\\rust_mozprofileELcc4P"
*** You are running in headless mode.
console.warn: SearchSettings: "get: No settings file exists, new profile?" (new Error("", "(unknown module)"))
1615694301118	Marionette	INFO	Listening on port 7546
1615694301631	Marionette	WARN	TLS certificate errors will be ignored for this session
1615694320596	Marionette	INFO	Stopped listening on port 7546
1615700697684	geckodriver	INFO	Listening on 127.0.0.1:6328
1615700701479	mozrunner::runner	INFO	Running command: "C:\\Program Files\\Mozilla Firefox\\firefox.exe" "--marionette" "--no-sandbox" "--headless" "-foreground" "-no-remote" "-profile" "C:\\Users\\circle\\AppData\\Local\\Temp\\rust_mozprofileDdOFbF"
*** You are running in headless mode.
console.warn: SearchSettings: "get: No settings file exists, new profile?" (new Error("", "(unknown module)"))
1615700703567	Marionette	INFO	Listening on port 6356
1615700703713	Marionette	WARN	TLS certificate errors will be ignored for this session
1615700720129	Marionette	INFO	Stopped listening on port 6356
1615792870487	geckodriver	INFO	Listening on 127.0.0.1:5171
1615792873580	mozrunner::runner	INFO	Running command: "C:\\Program Files\\Mozilla Firefox\\firefox.exe" "--marionette" "--no-sandbox" "--headless" "-foreground" "-no-remote" "-profile" "C:\\Users\\circle\\AppData\\Local\\Temp\\rust_mozprofileqnLhEz"
*** You are running in headless mode.
console.warn: SearchSettings: "get: No settings file exists, new profile?" (new Error("", "(unknown module)"))
1615792875548	Marionette	INFO	Listening on port 5209
1615792875670	Marionette	WARN	TLS certificate errors will be ignored for this session
1615792891757	Marionette	INFO	Stopped listening on port 5209

###!!! [Parent][RunMessage] Error: Channel closing: too late to send/recv, messages will be lost

1615798183395	geckodriver	INFO	Listening on 127.0.0.1:1813
1615798186704	mozrunner::runner	INFO	Running command: "C:\\Program Files\\Mozilla Firefox\\firefox.exe" "--marionette" "--no-sandbox" "--headless" "-foreground" "-no-remote" "-profile" "C:\\Users\\circle\\AppData\\Local\\Temp\\rust_mozprofilevq68AR"
*** You are running in headless mode.
console.warn: SearchSettings: "get: No settings file exists, new profile?" (new Error("", "(unknown module)"))
1615798188728	Marionette	INFO	Listening on port 1837
1615798188846	Marionette	WARN	TLS certificate errors will be ignored for this session
1615798204973	Marionette	INFO	Stopped listening on port 1837
1615820293547	geckodriver	INFO	Listening on 127.0.0.1:13227
1615820296504	mozrunner::runner	INFO	Running command: "C:\\Program Files\\Mozilla Firefox\\firefox.exe" "--marionette" "--no-sandbox" "--headless" "-foreground" "-no-remote" "-profile" "C:\\Users\\circle\\AppData\\Local\\Temp\\rust_mozprofile87MhXQ"
*** You are running in headless mode.
console.warn: SearchSettings: "get: No settings file exists, new profile?" (new Error("", "(unknown module)"))
1615820298572	Marionette	INFO	Listening on port 13240
1615820298682	Marionette	WARN	TLS certificate errors will be ignored for this session
1615820317201	Marionette	INFO	Stopped listening on port 13240

###!!! [Parent][RunMessage] Error: Channel closing: too late to send/recv, messages will be lost

1615864265896	geckodriver	INFO	Listening on 127.0.0.1:6788
1615864268919	mozrunner::runner	INFO	Running command: "C:\\Program Files\\Mozilla Firefox\\firefox.exe" "--marionette" "--no-sandbox" "--headless" "-foreground" "-no-remote" "-profile" "C:\\Users\\circle\\AppData\\Local\\Temp\\rust_mozprofileh469cK"
*** You are running in headless mode.
console.warn: SearchSettings: "get: No settings file exists, new profile?" (new Error("", "(unknown module)"))
1615864275838	Marionette	INFO	Listening on port 6821
1615864276165	Marionette	WARN	TLS certificate errors will be ignored for this session
1615864293326	Marionette	INFO	Stopped listening on port 6821

###!!! [Child][RunMessage] Error: Channel closing: too late to send/recv, messages will be lost

1615864294300	geckodriver	INFO	Listening on 127.0.0.1:6942
1615864297340	mozrunner::runner	INFO	Running command: "C:\\Program Files\\Mozilla Firefox\\firefox.exe" "--marionette" "--no-sandbox" "--headless" "-foreground" "-no-remote" "-profile" "C:\\Users\\circle\\AppData\\Local\\Temp\\rust_mozprofileqHHBGU"
*** You are running in headless mode.
console.warn: SearchSettings: "get: No settings file exists, new profile?" (new Error("", "(unknown module)"))
1615864300320	Marionette	INFO	Listening on port 6954
1615864300425	Marionette	WARN	TLS certificate errors will be ignored for this session
console.error: Region.jsm: "Error fetching region" (new Error("TIMEOUT", "resource://gre/modules/Region.jsm", 775))
console.error: Region.jsm: "Failed to fetch region" (new Error("TIMEOUT", "resource://gre/modules/Region.jsm", 422))
1615864332714	Marionette	INFO	Stopped listening on port 6954

###!!! [Child][RunMessage] Error: Channel closing: too late to send/recv, messages will be lost

1615866845030	geckodriver	INFO	Listening on 127.0.0.1:9479
1615866850399	mozrunner::runner	INFO	Running command: "C:\\Program Files\\Mozilla Firefox\\firefox.exe" "--marionette" "--no-sandbox" "--headless" "-foreground" "-no-remote" "-profile" "C:\\Users\\circle\\AppData\\Local\\Temp\\rust_mozprofilecd9P78"
*** You are running in headless mode.
console.warn: SearchSettings: "get: No settings file exists, new profile?" (new Error("", "(unknown module)"))
1615866855012	Marionette	INFO	Listening on port 9493
1615866855274	Marionette	WARN	TLS certificate errors will be ignored for this session
1615866871623	Marionette	INFO	Stopped listening on port 9493
1615910023749	geckodriver	INFO	Listening on 127.0.0.1:12364
1615910032899	mozrunner::runner	INFO	Running command: "C:\\Program Files\\Mozilla Firefox\\firefox.exe" "--marionette" "--no-sandbox" "--headless" "-foreground" "-no-remote" "-profile" "C:\\Users\\circle\\AppData\\Local\\Temp\\rust_mozprofileyLrskn"
*** You are running in headless mode.
console.warn: SearchSettings: "get: No settings file exists, new profile?" (new Error("", "(unknown module)"))
1615910035055	Marionette	INFO	Listening on port 12392
1615910035198	Marionette	WARN	TLS certificate errors will be ignored for this session
1615910052226	Marionette	INFO	Stopped listening on port 12392
1615956913972	geckodriver	INFO	Listening on 127.0.0.1:12962
1615956917073	mozrunner::runner	INFO	Running command: "C:\\Program Files\\Mozilla Firefox\\firefox.exe" "--marionette" "--no-sandbox" "--headless" "-foreground" "-no-remote" "-profile" "C:\\Users\\circle\\AppData\\Local\\Temp\\rust_mozprofileoZ07oK"
*** You are running in headless mode.
console.warn: SearchSettings: "get: No settings file exists, new profile?" (new Error("", "(unknown module)"))
1615956919175	Marionette	INFO	Listening on port 12972
1615956919243	Marionette	WARN	TLS certificate errors will be ignored for this session
1615956935165	Marionette	INFO	Stopped listening on port 12972

###!!! [Parent][RunMessage] Error: Channel closing: too late to send/recv, messages will be lost

1616027695831	geckodriver	INFO	Listening on 127.0.0.1:13476
1616027698935	mozrunner::runner	INFO	Running command: "C:\\Program Files\\Mozilla Firefox\\firefox.exe" "--marionette" "--no-sandbox" "--headless" "-foreground" "-no-remote" "-profile" "C:\\Users\\circle\\AppData\\Local\\Temp\\rust_mozprofileEpEsjW"
*** You are running in headless mode.
console.warn: SearchSettings: "get: No settings file exists, new profile?" (new Error("", "(unknown module)"))
1616027701098	Marionette	INFO	Listening on port 13539
1616027701619	Marionette	WARN	TLS certificate errors will be ignored for this session
1616031349491	geckodriver	INFO	Listening on 127.0.0.1:1504
1616031352607	mozrunner::runner	INFO	Running command: "C:\\Program Files\\Mozilla Firefox\\firefox.exe" "--marionette" "--no-sandbox" "--headless" "-foreground" "-no-remote" "-profile" "C:\\Users\\circle\\AppData\\Local\\Temp\\rust_mozprofileRmVHHo"
*** You are running in headless mode.
console.warn: SearchSettings: "get: No settings file exists, new profile?" (new Error("", "(unknown module)"))
1616031353952	Marionette	INFO	Listening on port 1558
1616031354199	Marionette	WARN	TLS certificate errors will be ignored for this session
1616031370242	Marionette	INFO	Stopped listening on port 1558
1616039125125	geckodriver	INFO	Listening on 127.0.0.1:9328
1616039131088	mozrunner::runner	INFO	Running command: "C:\\Program Files\\Mozilla Firefox\\firefox.exe" "--marionette" "--no-sandbox" "--headless" "-foreground" "-no-remote" "-profile" "C:\\Users\\circle\\AppData\\Local\\Temp\\rust_mozprofileSXRL5V"
*** You are running in headless mode.
console.warn: SearchSettings: "get: No settings file exists, new profile?" (new Error("", "(unknown module)"))
1616039133145	Marionette	INFO	Listening on port 9339
1616039133328	Marionette	WARN	TLS certificate errors will be ignored for this session
1616039151224	Marionette	INFO	Stopped listening on port 9339
1616115723867	geckodriver	INFO	Listening on 127.0.0.1:14287
1616115726826	mozrunner::runner	INFO	Running command: "C:\\Program Files\\Mozilla Firefox\\firefox.exe" "--marionette" "--no-sandbox" "--headless" "-foreground" "-no-remote" "-profile" "C:\\Users\\circle\\AppData\\Local\\Temp\\rust_mozprofilejdOHEq"
*** You are running in headless mode.
console.warn: SearchSettings: "get: No settings file exists, new profile?" (new Error("", "(unknown module)"))
1616115728735	Marionette	INFO	Listening on port 14297
1616115728884	Marionette	WARN	TLS certificate errors will be ignored for this session
1616115745086	Marionette	INFO	Stopped listening on port 14297
1616161570271	geckodriver	INFO	Listening on 127.0.0.1:1558
1616161573845	mozrunner::runner	INFO	Running command: "C:\\Program Files\\Mozilla Firefox\\firefox.exe" "--marionette" "--no-sandbox" "--headless" "-foreground" "-no-remote" "-profile" "C:\\Users\\circle\\AppData\\Local\\Temp\\rust_mozprofileZhHIYD"
*** You are running in headless mode.
console.warn: SearchSettings: "get: No settings file exists, new profile?" (new Error("", "(unknown module)"))
1616161575835	Marionette	INFO	Listening on port 1567
1616161575925	Marionette	WARN	TLS certificate errors will be ignored for this session
1616161591892	Marionette	INFO	Stopped listening on port 1567

###!!! [Parent][RunMessage] Error: Channel closing: too late to send/recv, messages will be lost

1616208395884	geckodriver	INFO	Listening on 127.0.0.1:7436
1616208398904	mozrunner::runner	INFO	Running command: "C:\\Program Files\\Mozilla Firefox\\firefox.exe" "--marionette" "--no-sandbox" "--headless" "-foreground" "-no-remote" "-profile" "C:\\Users\\circle\\AppData\\Local\\Temp\\rust_mozprofilejjB9xn"
*** You are running in headless mode.
console.warn: SearchSettings: "get: No settings file exists, new profile?" (new Error("", "(unknown module)"))
1616208400881	Marionette	INFO	Listening on port 7445
1616208400966	Marionette	WARN	TLS certificate errors will be ignored for this session
1616208416806	Marionette	INFO	Stopped listening on port 7445
1616250647367	geckodriver	INFO	Listening on 127.0.0.1:13962
1616250650458	mozrunner::runner	INFO	Running command: "C:\\Program Files\\Mozilla Firefox\\firefox.exe" "--marionette" "--no-sandbox" "--headless" "-foreground" "-no-remote" "-profile" "C:\\Users\\circle\\AppData\\Local\\Temp\\rust_mozprofileNOcaHn"
*** You are running in headless mode.
console.warn: SearchSettings: "get: No settings file exists, new profile?" (new Error("", "(unknown module)"))
1616250652598	Marionette	INFO	Listening on port 13982
1616250652631	Marionette	WARN	TLS certificate errors will be ignored for this session
1616250668386	Marionette	INFO	Stopped listening on port 13982
1616296779956	geckodriver	INFO	Listening on 127.0.0.1:13966
1616296783345	mozrunner::runner	INFO	Running command: "C:\\Program Files\\Mozilla Firefox\\firefox.exe" "--marionette" "--no-sandbox" "--headless" "-foreground" "-no-remote" "-profile" "C:\\Users\\circle\\AppData\\Local\\Temp\\rust_mozprofileC6KHHb"
*** You are running in headless mode.
console.warn: SearchSettings: "get: No settings file exists, new profile?" (new Error("", "(unknown module)"))
1616296787451	Marionette	INFO	Listening on port 13979
1616296787929	Marionette	WARN	TLS certificate errors will be ignored for this session
1616296812209	Marionette	INFO	Stopped listening on port 13979
1616300431808	geckodriver	INFO	Listening on 127.0.0.1:5769
1616300434820	mozrunner::runner	INFO	Running command: "C:\\Program Files\\Mozilla Firefox\\firefox.exe" "--marionette" "--no-sandbox" "--headless" "-foreground" "-no-remote" "-profile" "C:\\Users\\circle\\AppData\\Local\\Temp\\rust_mozprofilea6htrs"
*** You are running in headless mode.
console.warn: SearchSettings: "get: No settings file exists, new profile?" (new Error("", "(unknown module)"))
1616300436868	Marionette	INFO	Listening on port 5778
1616300436991	Marionette	WARN	TLS certificate errors will be ignored for this session
1616300453236	Marionette	INFO	Stopped listening on port 5778

###!!! [Parent][RunMessage] Error: Channel closing: too late to send/recv, messages will be lost

1616388830926	geckodriver	INFO	Listening on 127.0.0.1:12224
1616388834125	mozrunner::runner	INFO	Running command: "C:\\Program Files\\Mozilla Firefox\\firefox.exe" "--marionette" "--no-sandbox" "--headless" "-foreground" "-no-remote" "-profile" "C:\\Users\\circle\\AppData\\Local\\Temp\\rust_mozprofile4qQ8hU"
*** You are running in headless mode.
console.warn: SearchSettings: "get: No settings file exists, new profile?" (new Error("", "(unknown module)"))
1616388836320	Marionette	INFO	Listening on port 12292
1616388836822	Marionette	WARN	TLS certificate errors will be ignored for this session
1616388927333	geckodriver	INFO	Listening on 127.0.0.1:12792
1616388930472	mozrunner::runner	INFO	Running command: "C:\\Program Files\\Mozilla Firefox\\firefox.exe" "--marionette" "--no-sandbox" "--headless" "-foreground" "-no-remote" "-profile" "C:\\Users\\circle\\AppData\\Local\\Temp\\rust_mozprofilepv3eCG"
*** You are running in headless mode.
console.warn: SearchSettings: "get: No settings file exists, new profile?" (new Error("", "(unknown module)"))
1616388931803	Marionette	INFO	Listening on port 12821
1616388932009	Marionette	WARN	TLS certificate errors will be ignored for this session
1616389067172	geckodriver	INFO	Listening on 127.0.0.1:13172
1616389069989	mozrunner::runner	INFO	Running command: "C:\\Program Files\\Mozilla Firefox\\firefox.exe" "--marionette" "--no-sandbox" "--headless" "-foreground" "-no-remote" "-profile" "C:\\Users\\circle\\AppData\\Local\\Temp\\rust_mozprofilel3yAqE"
*** You are running in headless mode.
console.warn: SearchSettings: "get: No settings file exists, new profile?" (new Error("", "(unknown module)"))
1616389071577	Marionette	INFO	Listening on port 13185
1616389072045	Marionette	WARN	TLS certificate errors will be ignored for this session
1616389254354	geckodriver	INFO	Listening on 127.0.0.1:13591
1616389257475	mozrunner::runner	INFO	Running command: "C:\\Program Files\\Mozilla Firefox\\firefox.exe" "--marionette" "--no-sandbox" "--headless" "-foreground" "-no-remote" "-profile" "C:\\Users\\circle\\AppData\\Local\\Temp\\rust_mozprofileKJW1ec"
*** You are running in headless mode.
console.warn: SearchSettings: "get: No settings file exists, new profile?" (new Error("", "(unknown module)"))
1616389258812	Marionette	INFO	Listening on port 13609
1616389259047	Marionette	WARN	TLS certificate errors will be ignored for this session
1616389274604	Marionette	INFO	Stopped listening on port 13609
1616392622458	geckodriver	INFO	Listening on 127.0.0.1:2705
1616392635791	mozrunner::runner	INFO	Running command: "C:\\Program Files\\Mozilla Firefox\\firefox.exe" "--marionette" "--no-sandbox" "--headless" "-foreground" "-no-remote" "-profile" "C:\\Users\\circle\\AppData\\Local\\Temp\\rust_mozprofileqNNGbA"
*** You are running in headless mode.
console.warn: SearchSettings: "get: No settings file exists, new profile?" (new Error("", "(unknown module)"))
1616392638435	Marionette	INFO	Listening on port 2793
1616392640118	Marionette	WARN	TLS certificate errors will be ignored for this session
1616392662502	Marionette	INFO	Stopped listening on port 2793

###!!! [Parent][RunMessage] Error: Channel closing: too late to send/recv, messages will be lost

1616408062063	geckodriver	INFO	Listening on 127.0.0.1:4536
1616408086828	mozrunner::runner	INFO	Running command: "C:\\Program Files\\Mozilla Firefox\\firefox.exe" "--marionette" "--no-sandbox" "--headless" "-foreground" "-no-remote" "-profile" "C:\\Users\\circle\\AppData\\Local\\Temp\\rust_mozprofileqIvAbX"
*** You are running in headless mode.
console.warn: SearchSettings: "get: No settings file exists, new profile?" (new Error("", "(unknown module)"))
1616408089756	Marionette	INFO	Listening on port 4589
1616408091318	Marionette	WARN	TLS certificate errors will be ignored for this session
1616411738163	geckodriver	INFO	Listening on 127.0.0.1:13697
1616411752716	mozrunner::runner	INFO	Running command: "C:\\Program Files\\Mozilla Firefox\\firefox.exe" "--marionette" "--no-sandbox" "--headless" "-foreground" "-no-remote" "-profile" "C:\\Users\\circle\\AppData\\Local\\Temp\\rust_mozprofileEkNBWI"
*** You are running in headless mode.
console.warn: SearchSettings: "get: No settings file exists, new profile?" (new Error("", "(unknown module)"))
1616411755835	Marionette	INFO	Listening on port 13727
1616411756383	Marionette	WARN	TLS certificate errors will be ignored for this session
1616411773446	Marionette	INFO	Stopped listening on port 13727

###!!! [Parent][RunMessage] Error: Channel closing: too late to send/recv, messages will be lost

1616412791554	geckodriver	INFO	Listening on 127.0.0.1:5742
1616412794733	mozrunner::runner	INFO	Running command: "C:\\Program Files\\Mozilla Firefox\\firefox.exe" "--marionette" "--no-sandbox" "--headless" "-foreground" "-no-remote" "-profile" "C:\\Users\\circle\\AppData\\Local\\Temp\\rust_mozprofileoDCguN"
*** You are running in headless mode.
console.warn: SearchSettings: "get: No settings file exists, new profile?" (new Error("", "(unknown module)"))
1616412796697	Marionette	INFO	Listening on port 5756
1616412796816	Marionette	WARN	TLS certificate errors will be ignored for this session
1616412812425	Marionette	INFO	Stopped listening on port 5756
1616487910766	geckodriver	INFO	Listening on 127.0.0.1:14397
1616487913932	mozrunner::runner	INFO	Running command: "C:\\Program Files\\Mozilla Firefox\\firefox.exe" "--marionette" "--no-sandbox" "--headless" "-foreground" "-no-remote" "-profile" "C:\\Users\\circle\\AppData\\Local\\Temp\\rust_mozprofileneryRC"
*** You are running in headless mode.
console.warn: SearchSettings: "get: No settings file exists, new profile?" (new Error("", "(unknown module)"))
1616487915903	Marionette	INFO	Listening on port 14430
1616487916037	Marionette	WARN	TLS certificate errors will be ignored for this session
1616487931755	Marionette	INFO	Stopped listening on port 14430
1616543938137	geckodriver	INFO	Listening on 127.0.0.1:6014
1616543941374	mozrunner::runner	INFO	Running command: "C:\\Program Files\\Mozilla Firefox\\firefox.exe" "--marionette" "--no-sandbox" "--headless" "-foreground" "-no-remote" "-profile" "C:\\Users\\circle\\AppData\\Local\\Temp\\rust_mozprofileoNP6nK"
*** You are running in headless mode.
console.warn: SearchSettings: "get: No settings file exists, new profile?" (new Error("", "(unknown module)"))
1616543943460	Marionette	INFO	Listening on port 6033
1616543943555	Marionette	WARN	TLS certificate errors will be ignored for this session
1616543960139	Marionette	INFO	Stopped listening on port 6033
1616590238485	geckodriver	INFO	Listening on 127.0.0.1:7291
1616590258468	mozrunner::runner	INFO	Running command: "C:\\Program Files\\Mozilla Firefox\\firefox.exe" "--marionette" "--no-sandbox" "--headless" "-foreground" "-no-remote" "-profile" "C:\\Users\\circle\\AppData\\Local\\Temp\\rust_mozprofileEKjpV3"
*** You are running in headless mode.
console.warn: SearchSettings: "get: No settings file exists, new profile?" (new Error("", "(unknown module)"))
1616590263293	Marionette	INFO	Listening on port 7327
1616590265352	Marionette	WARN	TLS certificate errors will be ignored for this session
1616590292889	Marionette	INFO	Stopped listening on port 7327
1616634468529	geckodriver	INFO	Listening on 127.0.0.1:12112
1616634471870	mozrunner::runner	INFO	Running command: "C:\\Program Files\\Mozilla Firefox\\firefox.exe" "--marionette" "--no-sandbox" "--headless" "-foreground" "-no-remote" "-profile" "C:\\Users\\circle\\AppData\\Local\\Temp\\rust_mozprofilepgNE3t"
*** You are running in headless mode.
console.warn: SearchSettings: "get: No settings file exists, new profile?" (new Error("", "(unknown module)"))
1616634474193	Marionette	INFO	Listening on port 12121
1616634474577	Marionette	WARN	TLS certificate errors will be ignored for this session
1616634490518	Marionette	INFO	Stopped listening on port 12121
1616681422002	geckodriver	INFO	Listening on 127.0.0.1:6059
1616681435299	mozrunner::runner	INFO	Running command: "C:\\Program Files\\Mozilla Firefox\\firefox.exe" "--marionette" "--no-sandbox" "--headless" "-foreground" "-no-remote" "-profile" "C:\\Users\\circle\\AppData\\Local\\Temp\\rust_mozprofileaRLHMJ"
*** You are running in headless mode.
console.warn: SearchSettings: "get: No settings file exists, new profile?" (new Error("", "(unknown module)"))
1616681437599	Marionette	INFO	Listening on port 6106
1616681438187	Marionette	WARN	TLS certificate errors will be ignored for this session
1616681465970	Marionette	INFO	Stopped listening on port 6106
1616681468222	geckodriver	INFO	Listening on 127.0.0.1:6224
1616681471107	mozrunner::runner	INFO	Running command: "C:\\Program Files\\Mozilla Firefox\\firefox.exe" "--marionette" "--no-sandbox" "--headless" "-foreground" "-no-remote" "-profile" "C:\\Users\\circle\\AppData\\Local\\Temp\\rust_mozprofilemzNaJH"
*** You are running in headless mode.
console.warn: SearchSettings: "get: No settings file exists, new profile?" (new Error("", "(unknown module)"))
1616681472321	Marionette	INFO	Listening on port 6238
1616681472642	Marionette	WARN	TLS certificate errors will be ignored for this session
1616681499745	Marionette	INFO	Stopped listening on port 6238
1616681500206	geckodriver	INFO	Listening on 127.0.0.1:6366
1616681503236	mozrunner::runner	INFO	Running command: "C:\\Program Files\\Mozilla Firefox\\firefox.exe" "--marionette" "--no-sandbox" "--headless" "-foreground" "-no-remote" "-profile" "C:\\Users\\circle\\AppData\\Local\\Temp\\rust_mozprofileDGICeD"
*** You are running in headless mode.
console.warn: SearchSettings: "get: No settings file exists, new profile?" (new Error("", "(unknown module)"))
1616681504618	Marionette	INFO	Listening on port 6378
1616681504782	Marionette	WARN	TLS certificate errors will be ignored for this session
1616681520730	Marionette	INFO	Stopped listening on port 6378
1616728313501	geckodriver	INFO	Listening on 127.0.0.1:9243
1616728316705	mozrunner::runner	INFO	Running command: "C:\\Program Files\\Mozilla Firefox\\firefox.exe" "--marionette" "--no-sandbox" "--headless" "-foreground" "-no-remote" "-profile" "C:\\Users\\circle\\AppData\\Local\\Temp\\rust_mozprofile6KiwCd"
*** You are running in headless mode.
console.warn: SearchSettings: "get: No settings file exists, new profile?" (new Error("", "(unknown module)"))
1616728320218	Marionette	INFO	Listening on port 9259
1616728320903	Marionette	WARN	TLS certificate errors will be ignored for this session
1616728337430	Marionette	INFO	Stopped listening on port 9259
1616772785327	geckodriver	INFO	Listening on 127.0.0.1:1876
1616772788503	mozrunner::runner	INFO	Running command: "C:\\Program Files\\Mozilla Firefox\\firefox.exe" "--marionette" "--no-sandbox" "--headless" "-foreground" "-no-remote" "-profile" "C:\\Users\\circle\\AppData\\Local\\Temp\\rust_mozprofile9bLk30"
*** You are running in headless mode.
console.warn: SearchSettings: "get: No settings file exists, new profile?" (new Error("", "(unknown module)"))
1616772790730	Marionette	INFO	Listening on port 1949
1616772791210	Marionette	WARN	TLS certificate errors will be ignored for this session
console.log: WebExtensions: reset-default-search: No addons in our list are installed.
1616776455283	geckodriver	INFO	Listening on 127.0.0.1:10475
1616776458310	mozrunner::runner	INFO	Running command: "C:\\Program Files\\Mozilla Firefox\\firefox.exe" "--marionette" "--no-sandbox" "--headless" "-foreground" "-no-remote" "-profile" "C:\\Users\\circle\\AppData\\Local\\Temp\\rust_mozprofileczHzr1"
*** You are running in headless mode.
console.warn: SearchSettings: "get: No settings file exists, new profile?" (new Error("", "(unknown module)"))
1616776459526	Marionette	INFO	Listening on port 10511
1616776459855	Marionette	WARN	TLS certificate errors will be ignored for this session
1616776475939	Marionette	INFO	Stopped listening on port 10511
1616776476487	geckodriver	INFO	Listening on 127.0.0.1:10728
1616776479559	mozrunner::runner	INFO	Running command: "C:\\Program Files\\Mozilla Firefox\\firefox.exe" "--marionette" "--no-sandbox" "--headless" "-foreground" "-no-remote" "-profile" "C:\\Users\\circle\\AppData\\Local\\Temp\\rust_mozprofilecqWxLY"
*** You are running in headless mode.
console.warn: SearchSettings: "get: No settings file exists, new profile?" (new Error("", "(unknown module)"))
1616776480633	Marionette	INFO	Listening on port 10774
1616776481103	Marionette	WARN	TLS certificate errors will be ignored for this session
1616776519269	Marionette	INFO	Stopped listening on port 10774
1616823207825	geckodriver	INFO	Listening on 127.0.0.1:7952
1616823210879	mozrunner::runner	INFO	Running command: "C:\\Program Files\\Mozilla Firefox\\firefox.exe" "--marionette" "--no-sandbox" "--headless" "-foreground" "-no-remote" "-profile" "C:\\Users\\circle\\AppData\\Local\\Temp\\rust_mozprofileJuqEhm"
*** You are running in headless mode.
console.warn: SearchSettings: "get: No settings file exists, new profile?" (new Error("", "(unknown module)"))
1616823212213	Marionette	INFO	Listening on port 7970
1616823212440	Marionette	WARN	TLS certificate errors will be ignored for this session
console.log: WebExtensions: reset-default-search: No addons in our list are installed.
1616826865372	geckodriver	INFO	Listening on 127.0.0.1:1259
1616826868399	mozrunner::runner	INFO	Running command: "C:\\Program Files\\Mozilla Firefox\\firefox.exe" "--marionette" "--no-sandbox" "--headless" "-foreground" "-no-remote" "-profile" "C:\\Users\\circle\\AppData\\Local\\Temp\\rust_mozprofilebIqzi3"
*** You are running in headless mode.
console.warn: SearchSettings: "get: No settings file exists, new profile?" (new Error("", "(unknown module)"))
1616826869904	Marionette	INFO	Listening on port 1277
1616826869946	Marionette	WARN	TLS certificate errors will be ignored for this session
console.log: WebExtensions: reset-default-search: No addons in our list are installed.
1616827627760	Marionette	WARN	Ignoring event 'pageshow' because document has an invalid readyState of 'interactive'.
1616830524212	geckodriver	INFO	Listening on 127.0.0.1:6339
1616830527240	mozrunner::runner	INFO	Running command: "C:\\Program Files\\Mozilla Firefox\\firefox.exe" "--marionette" "--no-sandbox" "--headless" "-foreground" "-no-remote" "-profile" "C:\\Users\\circle\\AppData\\Local\\Temp\\rust_mozprofilePmzQ46"
*** You are running in headless mode.
console.warn: SearchSettings: "get: No settings file exists, new profile?" (new Error("", "(unknown module)"))
1616830528347	Marionette	INFO	Listening on port 6350
1616830528771	Marionette	WARN	TLS certificate errors will be ignored for this session
1616830567323	Marionette	INFO	Stopped listening on port 6350
1616830567741	geckodriver	INFO	Listening on 127.0.0.1:6433
1616830570811	mozrunner::runner	INFO	Running command: "C:\\Program Files\\Mozilla Firefox\\firefox.exe" "--marionette" "--no-sandbox" "--headless" "-foreground" "-no-remote" "-profile" "C:\\Users\\circle\\AppData\\Local\\Temp\\rust_mozprofilev8qyBn"
*** You are running in headless mode.
console.warn: SearchSettings: "get: No settings file exists, new profile?" (new Error("", "(unknown module)"))
1616830571899	Marionette	INFO	Listening on port 6447
1616830572350	Marionette	WARN	TLS certificate errors will be ignored for this session
1616830604071	Marionette	INFO	Stopped listening on port 6447
