1615447594776	geckodriver	INFO	Listening on 127.0.0.1:10595
1615447600740	mozrunner::runner	INFO	Running command: "C:\\Program Files\\Mozilla Firefox\\firefox.exe" "--marionette" "--no-sandbox" "-foreground" "-no-remote" "-profile" "C:\\Users\\mdshe\\AppData\\Local\\Temp\\rust_mozprofilewoyxh7"
console.warn: SearchSettings: "get: No settings file exists, new profile?" (new Error("", "(unknown module)"))
1615447603694	Marionette	INFO	Listening on port 10610
1615447603930	Marionette	WARN	TLS certificate errors will be ignored for this session
console.error: Region.jsm: "Error fetching region" (new Error("TIMEOUT", "resource://gre/modules/Region.jsm", 775))
console.error: Region.jsm: "Failed to fetch region" (new Error("TIMEOUT", "resource://gre/modules/Region.jsm", 422))
1615447630741	Marionette	INFO	Stopped listening on port 10610

###!!! [Child][RunMessage] Error: Channel closing: too late to send/recv, messages will be lost

1615451695156	geckodriver	INFO	Listening on 127.0.0.1:6406
1615451701109	mozrunner::runner	INFO	Running command: "C:\\Program Files\\Mozilla Firefox\\firefox.exe" "--marionette" "--no-sandbox" "--headless" "-foreground" "-no-remote" "-profile" "C:\\Users\\mdshe\\AppData\\Local\\Temp\\rust_mozprofileBogTkb"
*** You are running in headless mode.
console.warn: SearchSettings: "get: No settings file exists, new profile?" (new Error("", "(unknown module)"))
1615451703167	Marionette	INFO	Listening on port 6420
1615451703234	Marionette	WARN	TLS certificate errors will be ignored for this session
1615451718781	Marionette	INFO	Stopped listening on port 6420
1615451719221	geckodriver	INFO	Listening on 127.0.0.1:6491
1615451725224	mozrunner::runner	INFO	Running command: "C:\\Program Files\\Mozilla Firefox\\firefox.exe" "--marionette" "--no-sandbox" "--headless" "-foreground" "-no-remote" "-profile" "C:\\Users\\mdshe\\AppData\\Local\\Temp\\rust_mozprofileKPJ6HD"
*** You are running in headless mode.
console.warn: SearchSettings: "get: No settings file exists, new profile?" (new Error("", "(unknown module)"))
1615451726478	Marionette	INFO	Listening on port 6504
1615451726739	Marionette	WARN	TLS certificate errors will be ignored for this session
Marionette threw an error: NotFoundError: WindowGlobalParent.getActor: No such JSWindowActor 'MarionetteCommands'
getMarionetteCommandsActorProxy/get/<@chrome://marionette/content/actors/MarionetteCommandsParent.jsm:332:69
unregisterCommandsActor@chrome://marionette/content/actors/MarionetteCommandsParent.jsm:395:15
GeckoDriver.prototype.deleteSession@chrome://marionette/content/driver.js:3009:5
onClosed@chrome://marionette/content/server.js:196:17
close@chrome://marionette/content/transport.js:225:18
onInputStreamReady@chrome://marionette/content/transport.js:379:14

console.log: WebExtensions: reset-default-search: No addons in our list are installed.
er	INFO	Running command: "C:\\Program Files\\Mozilla Firefox\\firefox.exe" "--marionette" "--no-sandbox" "--headless" "-foreground" "-no-remote" "-profile" "C:\\Users\\mdshe\\AppData\\Local\\Temp\\rust_mozprofileT19QtL"
*** You are running in headless mode.
console.warn: SearchSettings: "get: No settings file exists, new profile?" (new Error("", "(unknown module)"))
1615451742216	Marionette	INFO	Listening on port 6583
1615451742512	Marionette	WARN	TLS certificate errors will be ignored for this session
1615451757864	Marionette	INFO	Stopped listening on port 6583
1615451939473	geckodriver	INFO	Listening on 127.0.0.1:6786
1615451945477	mozrunner::runner	INFO	Running command: "C:\\Program Files\\Mozilla Firefox\\firefox.exe" "--marionette" "--no-sandbox" "--headless" "-foreground" "-no-remote" "-profile" "C:\\Users\\mdshe\\AppData\\Local\\Temp\\rust_mozprofilecKVMS6"
*** You are running in headless mode.
console.warn: SearchSettings: "get: No settings file exists, new profile?" (new Error("", "(unknown module)"))
1615451946638	Marionette	INFO	Listening on port 6810
1615451946992	Marionette	WARN	TLS certificate errors will be ignored for this session
1615451963150	Marionette	INFO	Stopped listening on port 6810
1615451963579	geckodriver	INFO	Listening on 127.0.0.1:6860
1615451969576	mozrunner::runner	INFO	Running command: "C:\\Program Files\\Mozilla Firefox\\firefox.exe" "--marionette" "--no-sandbox" "--headless" "-foreground" "-no-remote" "-profile" "C:\\Users\\mdshe\\AppData\\Local\\Temp\\rust_mozprofilebH3H2k"
*** You are running in headless mode.
console.warn: SearchSettings: "get: No settings file exists, new profile?" (new Error("", "(unknown module)"))
1615451970786	Marionette	INFO	Listening on port 6875
1615451971090	Marionette	WARN	TLS certificate errors will be ignored for this session
1615451987122	Marionette	INFO	Stopped listening on port 6875
1615452037335	geckodriver	INFO	Listening on 127.0.0.1:6976
1615452043339	mozrunner::runner	INFO	Running command: "C:\\Program Files\\Mozilla Firefox\\firefox.exe" "--marionette" "--no-sandbox" "--headless" "-foreground" "-no-remote" "-profile" "C:\\Users\\mdshe\\AppData\\Local\\Temp\\rust_mozprofileFXovSm"
*** You are running in headless mode.
console.warn: SearchSettings: "get: No settings file exists, new profile?" (new Error("", "(unknown module)"))
1615452044514	Marionette	INFO	Listening on port 6990
1615452044854	Marionette	WARN	TLS certificate errors will be ignored for this session
1615452061004	Marionette	INFO	Stopped listening on port 6990
1615452061455	geckodriver	INFO	Listening on 127.0.0.1:7061
1615452067458	mozrunner::runner	INFO	Running command: "C:\\Program Files\\Mozilla Firefox\\firefox.exe" "--marionette" "--no-sandbox" "--headless" "-foreground" "-no-remote" "-profile" "C:\\Users\\mdshe\\AppData\\Local\\Temp\\rust_mozprofile0Nu1nz"
*** You are running in headless mode.
console.warn: SearchSettings: "get: No settings file exists, new profile?" (new Error("", "(unknown module)"))
1615452068538	Marionette	INFO	Listening on port 7079
1615452068973	Marionette	WARN	TLS certificate errors will be ignored for this session
1615452084898	Marionette	INFO	Stopped listening on port 7079
1615452232791	geckodriver	INFO	Listening on 127.0.0.1:7245
1615452238794	mozrunner::runner	INFO	Running command: "C:\\Program Files\\Mozilla Firefox\\firefox.exe" "--marionette" "--no-sandbox" "--headless" "-foreground" "-no-remote" "-profile" "C:\\Users\\mdshe\\AppData\\Local\\Temp\\rust_mozprofileut0LP6"
*** You are running in headless mode.
console.warn: SearchSettings: "get: No settings file exists, new profile?" (new Error("", "(unknown module)"))
1615452240121	Marionette	INFO	Listening on port 7261
1615452240315	Marionette	WARN	TLS certificate errors will be ignored for this session
1615452256313	Marionette	INFO	Stopped listening on port 7261
1615452274782	geckodriver	INFO	Listening on 127.0.0.1:7365
1615452280784	mozrunner::runner	INFO	Running command: "C:\\Program Files\\Mozilla Firefox\\firefox.exe" "--marionette" "--no-sandbox" "--headless" "-foreground" "-no-remote" "-profile" "C:\\Users\\mdshe\\AppData\\Local\\Temp\\rust_mozprofile9e6tXq"
*** You are running in headless mode.
console.warn: SearchSettings: "get: No settings file exists, new profile?" (new Error("", "(unknown module)"))
1615452281846	Marionette	INFO	Listening on port 7381
1615452282300	Marionette	WARN	TLS certificate errors will be ignored for this session
1615452298458	Marionette	INFO	Stopped listening on port 7381
1615452319696	geckodriver	INFO	Listening on 127.0.0.1:7469
1615452325778	mozrunner::runner	INFO	Running command: "C:\\Program Files\\Mozilla Firefox\\firefox.exe" "--marionette" "--no-sandbox" "--headless" "-foreground" "-no-remote" "-profile" "C:\\Users\\mdshe\\AppData\\Local\\Temp\\rust_mozprofilevDd89W"
*** You are running in headless mode.
console.warn: SearchSettings: "get: No settings file exists, new profile?" (new Error("", "(unknown module)"))
1615452327262	Marionette	INFO	Listening on port 7483
1615452327302	Marionette	WARN	TLS certificate errors will be ignored for this session
1615452343108	Marionette	INFO	Stopped listening on port 7483
1615452361890	geckodriver	INFO	Listening on 127.0.0.1:7558
1615452367893	mozrunner::runner	INFO	Running command: "C:\\Program Files\\Mozilla Firefox\\firefox.exe" "--marionette" "--no-sandbox" "--headless" "-foreground" "-no-remote" "-profile" "C:\\Users\\mdshe\\AppData\\Local\\Temp\\rust_mozprofileP2komT"
*** You are running in headless mode.
console.warn: SearchSettings: "get: No settings file exists, new profile?" (new Error("", "(unknown module)"))
1615452368955	Marionette	INFO	Listening on port 7577
1615452369410	Marionette	WARN	TLS certificate errors will be ignored for this session
1615452385301	Marionette	INFO	Stopped listening on port 7577
1615452981175	geckodriver	INFO	Listening on 127.0.0.1:8005
1615452987177	mozrunner::runner	INFO	Running command: "C:\\Program Files\\Mozilla Firefox\\firefox.exe" "--marionette" "--no-sandbox" "--headless" "-foreground" "-no-remote" "-profile" "C:\\Users\\mdshe\\AppData\\Local\\Temp\\rust_mozprofileUL8fbz"
*** You are running in headless mode.
console.warn: SearchSettings: "get: No settings file exists, new profile?" (new Error("", "(unknown module)"))
1615452988201	Marionette	INFO	Listening on port 8023
1615452988696	Marionette	WARN	TLS certificate errors will be ignored for this session
1615453004110	Marionette	INFO	Stopped listening on port 8023
1615453245747	geckodriver	INFO	Listening on 127.0.0.1:8265
1615453251751	mozrunner::runner	INFO	Running command: "C:\\Program Files\\Mozilla Firefox\\firefox.exe" "--marionette" "--no-sandbox" "--headless" "-foreground" "-no-remote" "-profile" "C:\\Users\\mdshe\\AppData\\Local\\Temp\\rust_mozprofilevxu8ic"
*** You are running in headless mode.
console.warn: SearchSettings: "get: No settings file exists, new profile?" (new Error("", "(unknown module)"))
1615453252872	Marionette	INFO	Listening on port 8279
1615453253268	Marionette	WARN	TLS certificate errors will be ignored for this session
Marionette threw an error: NotFoundError: WindowGlobalParent.getActor: No such JSWindowActor 'MarionetteCommands'
getMarionetteCommandsActorProxy/get/<@chrome://marionette/content/actors/MarionetteCommandsParent.jsm:332:69
unregisterCommandsActor@chrome://marionette/content/actors/MarionetteCommandsParent.jsm:395:15
GeckoDriver.prototype.deleteSession@chrome://marionette/content/driver.js:3009:5
onClosed@chrome://marionette/content/server.js:196:17
close@chrome://marionette/content/transport.js:225:18
onInputStreamReady@chrome://marionette/content/transport.js:379:14

console.log: WebExtensions: reset-default-search: No addons in our list are installed.
er	INFO	Running command: "C:\\Program Files\\Mozilla Firefox\\firefox.exe" "--marionette" "--no-sandbox" "--headless" "-foreground" "-no-remote" "-profile" "C:\\Users\\mdshe\\AppData\\Local\\Temp\\rust_mozprofilezwCYxH"
*** You are running in headless mode.
console.warn: SearchSettings: "get: No settings file exists, new profile?" (new Error("", "(unknown module)"))
1615453351275	Marionette	INFO	Listening on port 8421
1615453351663	Marionette	WARN	TLS certificate errors will be ignored for this session
1615453367673	Marionette	INFO	Stopped listening on port 8421
1615469016909	geckodriver	INFO	Listening on 127.0.0.1:1155
1615469022912	mozrunner::runner	INFO	Running command: "C:\\Program Files\\Mozilla Firefox\\firefox.exe" "--marionette" "--no-sandbox" "--headless" "-foreground" "-no-remote" "-profile" "C:\\Users\\mdshe\\AppData\\Local\\Temp\\rust_mozprofiletGPkxo"
*** You are running in headless mode.
console.warn: SearchSettings: "get: No settings file exists, new profile?" (new Error("", "(unknown module)"))
1615469025406	Marionette	INFO	Listening on port 1176
1615469025553	Marionette	WARN	TLS certificate errors will be ignored for this session
1615469051504	Marionette	INFO	Stopped listening on port 1176
1615470246704	geckodriver	INFO	Listening on 127.0.0.1:4027
1615470252645	mozrunner::runner	INFO	Running command: "C:\\Program Files\\Mozilla Firefox\\firefox.exe" "--marionette" "--no-sandbox" "--headless" "-foreground" "-no-remote" "-profile" "C:\\Users\\mdshe\\AppData\\Local\\Temp\\rust_mozprofileYzyzP4"
*** You are running in headless mode.
console.warn: SearchSettings: "get: No settings file exists, new profile?" (new Error("", "(unknown module)"))
1615470254716	Marionette	INFO	Listening on port 4041
1615470254775	Marionette	WARN	TLS certificate errors will be ignored for this session
1615470271062	Marionette	INFO	Stopped listening on port 4041
1615470318002	geckodriver	INFO	Listening on 127.0.0.1:4155
1615470377024	geckodriver	INFO	Listening on 127.0.0.1:4204
1615470383028	mozrunner::runner	INFO	Running command: "C:\\Program Files\\Mozilla Firefox\\firefox.exe" "--marionette" "--no-sandbox" "--headless" "-foreground" "-no-remote" "-profile" "C:\\Users\\mdshe\\AppData\\Local\\Temp\\rust_mozprofileX3pepM"
*** You are running in headless mode.
console.warn: SearchSettings: "get: No settings file exists, new profile?" (new Error("", "(unknown module)"))
1615470384370	Marionette	INFO	Listening on port 4217
1615470384546	Marionette	WARN	TLS certificate errors will be ignored for this session
1615470399905	Marionette	INFO	Stopped listening on port 4217
1615470524838	geckodriver	INFO	Listening on 127.0.0.1:4386
1615470530865	mozrunner::runner	INFO	Running command: "C:\\Program Files\\Mozilla Firefox\\firefox.exe" "--marionette" "--no-sandbox" "--headless" "-foreground" "-no-remote" "-profile" "C:\\Users\\mdshe\\AppData\\Local\\Temp\\rust_mozprofileqqIobM"
*** You are running in headless mode.
console.warn: SearchSettings: "get: No settings file exists, new profile?" (new Error("", "(unknown module)"))
1615470533385	Marionette	INFO	Listening on port 4403
1615470533497	Marionette	WARN	TLS certificate errors will be ignored for this session
Marionette threw an error: NotFoundError: WindowGlobalParent.getActor: No such JSWindowActor 'MarionetteCommands'
getMarionetteCommandsActorProxy/get/<@chrome://marionette/content/actors/MarionetteCommandsParent.jsm:332:69
unregisterCommandsActor@chrome://marionette/content/actors/MarionetteCommandsParent.jsm:395:15
GeckoDriver.prototype.deleteSession@chrome://marionette/content/driver.js:3009:5
onClosed@chrome://marionette/content/server.js:196:17
close@chrome://marionette/content/transport.js:225:18
onInputStreamReady@chrome://marionette/content/transport.js:379:14

Exiting due to channel error.
Listening on 127.0.0.1:4464
1615470562615	mozrunner::runner	INFO	Running command: "C:\\Program Files\\Mozilla Firefox\\firefox.exe" "--marionette" "--no-sandbox" "--headless" "-foreground" "-no-remote" "-profile" "C:\\Users\\mdshe\\AppData\\Local\\Temp\\rust_mozprofileIn3jFn"
*** You are running in headless mode.
console.warn: SearchSettings: "get: No settings file exists, new profile?" (new Error("", "(unknown module)"))
1615470563803	Marionette	INFO	Listening on port 4478
1615470564145	Marionette	WARN	TLS certificate errors will be ignored for this session
1615470580166	Marionette	INFO	Stopped listening on port 4478
1615470613948	geckodriver	INFO	Listening on 127.0.0.1:4572
1615470619951	mozrunner::runner	INFO	Running command: "C:\\Program Files\\Mozilla Firefox\\firefox.exe" "--marionette" "--no-sandbox" "--headless" "-foreground" "-no-remote" "-profile" "C:\\Users\\mdshe\\AppData\\Local\\Temp\\rust_mozprofileewHthz"
*** You are running in headless mode.
console.warn: SearchSettings: "get: No settings file exists, new profile?" (new Error("", "(unknown module)"))
1615470621282	Marionette	INFO	Listening on port 4585
1615470621466	Marionette	WARN	TLS certificate errors will be ignored for this session
Marionette threw an error: NotFoundError: WindowGlobalParent.getActor: No such JSWindowActor 'MarionetteCommands'
getMarionetteCommandsActorProxy/get/<@chrome://marionette/content/actors/MarionetteCommandsParent.jsm:332:69
unregisterCommandsActor@chrome://marionette/content/actors/MarionetteCommandsParent.jsm:395:15
GeckoDriver.prototype.deleteSession@chrome://marionette/content/driver.js:3009:5
onClosed@chrome://marionette/content/server.js:196:17
close@chrome://marionette/content/transport.js:225:18
onInputStreamReady@chrome://marionette/content/transport.js:379:14

console.log: WebExtensions: reset-default-search: No addons in our list are installed.
Exiting due to channel error.
rogram Files\\Mozilla Firefox\\firefox.exe" "--marionette" "--no-sandbox" "--headless" "-foreground" "-no-remote" "-profile" "C:\\Users\\mdshe\\AppData\\Local\\Temp\\rust_mozprofilesd8TQM"
*** You are running in headless mode.
console.warn: SearchSettings: "get: No settings file exists, new profile?" (new Error("", "(unknown module)"))
1615470754292	Marionette	INFO	Listening on port 4747
1615470754468	Marionette	WARN	TLS certificate errors will be ignored for this session
Marionette threw an error: NotFoundError: WindowGlobalParent.getActor: No such JSWindowActor 'MarionetteCommands'
getMarionetteCommandsActorProxy/get/<@chrome://marionette/content/actors/MarionetteCommandsParent.jsm:332:69
unregisterCommandsActor@chrome://marionette/content/actors/MarionetteCommandsParent.jsm:395:15
GeckoDriver.prototype.deleteSession@chrome://marionette/content/driver.js:3009:5
onClosed@chrome://marionette/content/server.js:196:17
close@chrome://marionette/content/transport.js:225:18
onInputStreamReady@chrome://marionette/content/transport.js:379:14

console.log: WebExtensions: reset-default-search: No addons in our list are installed.
er	INFO	Running command: "C:\\Program Files\\Mozilla Firefox\\firefox.exe" "--marionette" "--no-sandbox" "--headless" "-foreground" "-no-remote" "-profile" "C:\\Users\\mdshe\\AppData\\Local\\Temp\\rust_mozprofile2Z4D8F"
*** You are running in headless mode.
console.warn: SearchSettings: "get: No settings file exists, new profile?" (new Error("", "(unknown module)"))
1615470790380	Marionette	INFO	Listening on port 4834
1615470790766	Marionette	WARN	TLS certificate errors will be ignored for this session
1615470807338	Marionette	INFO	Stopped listening on port 4834
1615472825315	geckodriver	INFO	Listening on 127.0.0.1:6272
1615472831323	mozrunner::runner	INFO	Running command: "C:\\Program Files\\Mozilla Firefox\\firefox.exe" "--marionette" "--no-sandbox" "--headless" "-foreground" "-no-remote" "-profile" "C:\\Users\\mdshe\\AppData\\Local\\Temp\\rust_mozprofilehSiXRT"
*** You are running in headless mode.
console.warn: SearchSettings: "get: No settings file exists, new profile?" (new Error("", "(unknown module)"))
1615472832595	Marionette	INFO	Listening on port 6288
1615472832841	Marionette	WARN	TLS certificate errors will be ignored for this session
1615472849272	Marionette	INFO	Stopped listening on port 6288
1615473290563	geckodriver	INFO	Listening on 127.0.0.1:6703
1615473296573	mozrunner::runner	INFO	Running command: "C:\\Program Files\\Mozilla Firefox\\firefox.exe" "--marionette" "--no-sandbox" "--headless" "-foreground" "-no-remote" "-profile" "C:\\Users\\mdshe\\AppData\\Local\\Temp\\rust_mozprofileHcEkvK"
*** You are running in headless mode.
console.warn: SearchSettings: "get: No settings file exists, new profile?" (new Error("", "(unknown module)"))
1615473298061	Marionette	INFO	Listening on port 6716
1615473298096	Marionette	WARN	TLS certificate errors will be ignored for this session
1615473314115	Marionette	INFO	Stopped listening on port 6716
1615473466986	geckodriver	INFO	Listening on 127.0.0.1:6872
1615473472990	mozrunner::runner	INFO	Running command: "C:\\Program Files\\Mozilla Firefox\\firefox.exe" "--marionette" "--no-sandbox" "--headless" "-foreground" "-no-remote" "-profile" "C:\\Users\\mdshe\\AppData\\Local\\Temp\\rust_mozprofiletAlbV7"
*** You are running in headless mode.
console.warn: SearchSettings: "get: No settings file exists, new profile?" (new Error("", "(unknown module)"))
1615473474014	Marionette	INFO	Listening on port 6886
1615473474505	Marionette	WARN	TLS certificate errors will be ignored for this session
1615473491481	Marionette	INFO	Stopped listening on port 6886
1615474830448	geckodriver	INFO	Listening on 127.0.0.1:11587
1615474836423	mozrunner::runner	INFO	Running command: "C:\\Program Files\\Mozilla Firefox\\firefox.exe" "--marionette" "--no-sandbox" "--headless" "-foreground" "-no-remote" "-profile" "C:\\Users\\mdshe\\AppData\\Local\\Temp\\rust_mozprofileGuVCXz"
*** You are running in headless mode.
console.warn: SearchSettings: "get: No settings file exists, new profile?" (new Error("", "(unknown module)"))
1615474837829	Marionette	INFO	Listening on port 11600
1615474837938	Marionette	WARN	TLS certificate errors will be ignored for this session
console.error: Region.jsm: "Error fetching region" (new Error("TIMEOUT", "resource://gre/modules/Region.jsm", 775))
console.error: Region.jsm: "Failed to fetch region" (new Error("TIMEOUT", "resource://gre/modules/Region.jsm", 422))
1615474853283	Marionette	INFO	Stopped listening on port 11600
1615474955028	geckodriver	INFO	Listening on 127.0.0.1:11734
1615474961032	mozrunner::runner	INFO	Running command: "C:\\Program Files\\Mozilla Firefox\\firefox.exe" "--marionette" "--no-sandbox" "--headless" "-foreground" "-no-remote" "-profile" "C:\\Users\\mdshe\\AppData\\Local\\Temp\\rust_mozprofileCN4amm"
*** You are running in headless mode.
console.warn: SearchSettings: "get: No settings file exists, new profile?" (new Error("", "(unknown module)"))
1615474962120	Marionette	INFO	Listening on port 11747
1615474962549	Marionette	WARN	TLS certificate errors will be ignored for this session
1615474979743	Marionette	INFO	Stopped listening on port 11747
1615475460456	geckodriver	INFO	Listening on 127.0.0.1:12162
1615475466480	mozrunner::runner	INFO	Running command: "C:\\Program Files\\Mozilla Firefox\\firefox.exe" "--marionette" "--no-sandbox" "--headless" "-foreground" "-no-remote" "-profile" "C:\\Users\\mdshe\\AppData\\Local\\Temp\\rust_mozprofilew00MPB"
*** You are running in headless mode.
console.warn: SearchSettings: "get: No settings file exists, new profile?" (new Error("", "(unknown module)"))
1615475467718	Marionette	INFO	Listening on port 12177
1615475468012	Marionette	WARN	TLS certificate errors will be ignored for this session
1615475485487	Marionette	INFO	Stopped listening on port 12177
1615475731165	geckodriver	INFO	Listening on 127.0.0.1:12399
1615475737169	mozrunner::runner	INFO	Running command: "C:\\Program Files\\Mozilla Firefox\\firefox.exe" "--marionette" "--no-sandbox" "--headless" "-foreground" "-no-remote" "-profile" "C:\\Users\\mdshe\\AppData\\Local\\Temp\\rust_mozprofileWWoNcj"
*** You are running in headless mode.
console.warn: SearchSettings: "get: No settings file exists, new profile?" (new Error("", "(unknown module)"))
1615475738324	Marionette	INFO	Listening on port 12413
1615475738685	Marionette	WARN	TLS certificate errors will be ignored for this session
1615475756198	Marionette	INFO	Stopped listening on port 12413
1615532153459	geckodriver	INFO	Listening on 127.0.0.1:11108
1615532174498	geckodriver	INFO	Listening on 127.0.0.1:11125
1615532180501	mozrunner::runner	INFO	Running command: "C:\\Program Files\\Mozilla Firefox\\firefox.exe" "--marionette" "--no-sandbox" "--headless" "-foreground" "-no-remote" "-profile" "C:\\Users\\mdshe\\AppData\\Local\\Temp\\rust_mozprofileVhTzlz"
*** You are running in headless mode.
console.warn: SearchSettings: "get: No settings file exists, new profile?" (new Error("", "(unknown module)"))
1615532182446	Marionette	INFO	Listening on port 11138
1615532182530	Marionette	WARN	TLS certificate errors will be ignored for this session
1615532197982	Marionette	INFO	Stopped listening on port 11138
1615532198420	geckodriver	INFO	Listening on 127.0.0.1:11202
1615532204422	mozrunner::runner	INFO	Running command: "C:\\Program Files\\Mozilla Firefox\\firefox.exe" "--marionette" "--no-sandbox" "--headless" "-foreground" "-no-remote" "-profile" "C:\\Users\\mdshe\\AppData\\Local\\Temp\\rust_mozprofilerEzFEh"
*** You are running in headless mode.
console.warn: SearchSettings: "get: No settings file exists, new profile?" (new Error("", "(unknown module)"))
1615532205580	Marionette	INFO	Listening on port 11213
1615532205943	Marionette	WARN	TLS certificate errors will be ignored for this session
1615532221242	Marionette	INFO	Stopped listening on port 11213
1615532869359	geckodriver	INFO	Listening on 127.0.0.1:13652
1615532949064	geckodriver	INFO	Listening on 127.0.0.1:13984
1615532952138	mozrunner::runner	INFO	Running command: "C:\\Program Files\\Mozilla Firefox\\firefox.exe" "--marionette" "--no-sandbox" "--headless" "-foreground" "-no-remote" "-profile" "C:\\Users\\circle\\AppData\\Local\\Temp\\rust_mozprofilexZwM0H"
*** You are running in headless mode.
console.warn: SearchSettings: "get: No settings file exists, new profile?" (new Error("", "(unknown module)"))
1615532953257	Marionette	INFO	Listening on port 13999
1615532953687	Marionette	WARN	TLS certificate errors will be ignored for this session
1615533086122	geckodriver	INFO	Listening on 127.0.0.1:14310
1615533089187	mozrunner::runner	INFO	Running command: "C:\\Program Files\\Mozilla Firefox\\firefox.exe" "--marionette" "--no-sandbox" "--headless" "-foreground" "-no-remote" "-profile" "C:\\Users\\circle\\AppData\\Local\\Temp\\rust_mozprofileWqvlQD"
*** You are running in headless mode.
console.warn: SearchSettings: "get: No settings file exists, new profile?" (new Error("", "(unknown module)"))
1615533090511	Marionette	INFO	Listening on port 14319
1615533090725	Marionette	WARN	TLS certificate errors will be ignored for this session
1615533192989	geckodriver	INFO	Listening on 127.0.0.1:14442
1615533196048	mozrunner::runner	INFO	Running command: "C:\\Program Files\\Mozilla Firefox\\firefox.exe" "--marionette" "--no-sandbox" "--headless" "-foreground" "-no-remote" "-profile" "C:\\Users\\circle\\AppData\\Local\\Temp\\rust_mozprofileGPFt77"
*** You are running in headless mode.
console.warn: SearchSettings: "get: No settings file exists, new profile?" (new Error("", "(unknown module)"))
1615533197358	Marionette	INFO	Listening on port 14455
1615533197591	Marionette	WARN	TLS certificate errors will be ignored for this session
1615533213462	Marionette	INFO	Stopped listening on port 14455
1615533801171	geckodriver	INFO	Listening on 127.0.0.1:1133
1615533804560	mozrunner::runner	INFO	Running command: "C:\\Program Files\\Mozilla Firefox\\firefox.exe" "--marionette" "--no-sandbox" "--headless" "-foreground" "-no-remote" "-profile" "C:\\Users\\circle\\AppData\\Local\\Temp\\rust_mozprofileW3wCvm"
*** You are running in headless mode.
console.warn: SearchSettings: "get: No settings file exists, new profile?" (new Error("", "(unknown module)"))
1615533805635	Marionette	INFO	Listening on port 1173
1615533806100	Marionette	WARN	TLS certificate errors will be ignored for this session
1615533821584	Marionette	INFO	Stopped listening on port 1173

###!!! [Parent][RunMessage] Error: Channel closing: too late to send/recv, messages will be lost

1615533948592	geckodriver	INFO	Listening on 127.0.0.1:1465
1615533951662	mozrunner::runner	INFO	Running command: "C:\\Program Files\\Mozilla Firefox\\firefox.exe" "--marionette" "--no-sandbox" "--headless" "-foreground" "-no-remote" "-profile" "C:\\Users\\circle\\AppData\\Local\\Temp\\rust_mozprofileuPQiM6"
*** You are running in headless mode.
console.warn: SearchSettings: "get: No settings file exists, new profile?" (new Error("", "(unknown module)"))
1615533952734	Marionette	INFO	Listening on port 1475
1615533953199	Marionette	WARN	TLS certificate errors will be ignored for this session
1615533968670	Marionette	INFO	Stopped listening on port 1475
1615534160064	geckodriver	INFO	Listening on 127.0.0.1:1786
1615534163138	mozrunner::runner	INFO	Running command: "C:\\Program Files\\Mozilla Firefox\\firefox.exe" "--marionette" "--no-sandbox" "--headless" "-foreground" "-no-remote" "-profile" "C:\\Users\\circle\\AppData\\Local\\Temp\\rust_mozprofile8rLEXd"
*** You are running in headless mode.
console.warn: SearchSettings: "get: No settings file exists, new profile?" (new Error("", "(unknown module)"))
1615534164244	Marionette	INFO	Listening on port 1797
1615534164677	Marionette	WARN	TLS certificate errors will be ignored for this session
1615534180799	Marionette	INFO	Stopped listening on port 1797
1615534181207	geckodriver	INFO	Listening on 127.0.0.1:1867
1615534184269	mozrunner::runner	INFO	Running command: "C:\\Program Files\\Mozilla Firefox\\firefox.exe" "--marionette" "--no-sandbox" "--headless" "-foreground" "-no-remote" "-profile" "C:\\Users\\circle\\AppData\\Local\\Temp\\rust_mozprofileUEjkZ2"
*** You are running in headless mode.
console.warn: SearchSettings: "get: No settings file exists, new profile?" (new Error("", "(unknown module)"))
1615534185374	Marionette	INFO	Listening on port 1876
1615534185803	Marionette	WARN	TLS certificate errors will be ignored for this session
1615534201857	Marionette	INFO	Stopped listening on port 1876

###!!! [Parent][RunMessage] Error: Channel closing: too late to send/recv, messages will be lost

1615534202260	geckodriver	INFO	Listening on 127.0.0.1:1944
1615534205347	mozrunner::runner	INFO	Running command: "C:\\Program Files\\Mozilla Firefox\\firefox.exe" "--marionette" "--no-sandbox" "--headless" "-foreground" "-no-remote" "-profile" "C:\\Users\\circle\\AppData\\Local\\Temp\\rust_mozprofileSKY2yJ"
*** You are running in headless mode.
console.warn: SearchSettings: "get: No settings file exists, new profile?" (new Error("", "(unknown module)"))
1615534206390	Marionette	INFO	Listening on port 1953
1615534206875	Marionette	WARN	TLS certificate errors will be ignored for this session
console.error: Region.jsm: "Error fetching region" (new Error("TIMEOUT", "resource://gre/modules/Region.jsm", 775))
console.error: Region.jsm: "Failed to fetch region" (new Error("TIMEOUT", "resource://gre/modules/Region.jsm", 422))
1615534222962	Marionette	INFO	Stopped listening on port 1953
1615534259500	geckodriver	INFO	Listening on 127.0.0.1:2049
1615534262543	mozrunner::runner	INFO	Running command: "C:\\Program Files\\Mozilla Firefox\\firefox.exe" "--marionette" "--no-sandbox" "--headless" "-foreground" "-no-remote" "-profile" "C:\\Users\\circle\\AppData\\Local\\Temp\\rust_mozprofilePee9si"
*** You are running in headless mode.
console.warn: SearchSettings: "get: No settings file exists, new profile?" (new Error("", "(unknown module)"))
1615534263830	Marionette	INFO	Listening on port 2061
1615534280432	geckodriver	INFO	Listening on 127.0.0.1:2123
1615534283501	mozrunner::runner	INFO	Running command: "C:\\Program Files\\Mozilla Firefox\\firefox.exe" "--marionette" "--no-sandbox" "--headless" "-foreground" "-no-remote" "-profile" "C:\\Users\\circle\\AppData\\Local\\Temp\\rust_mozprofileOJlAnK"
*** You are running in headless mode.
console.warn: SearchSettings: "get: No settings file exists, new profile?" (new Error("", "(unknown module)"))
1615534284587	Marionette	INFO	Listening on port 2135
1615534285042	Marionette	WARN	TLS certificate errors will be ignored for this session
1615534301120	Marionette	INFO	Stopped listening on port 2135

###!!! [Parent][RunMessage] Error: Channel closing: too late to send/recv, messages will be lost

1615534797199	geckodriver	INFO	Listening on 127.0.0.1:3060
1615534800285	mozrunner::runner	INFO	Running command: "C:\\Program Files\\Mozilla Firefox\\firefox.exe" "--marionette" "--no-sandbox" "--headless" "-foreground" "-no-remote" "-profile" "C:\\Users\\circle\\AppData\\Local\\Temp\\rust_mozprofileM0hI51"
*** You are running in headless mode.
console.warn: SearchSettings: "get: No settings file exists, new profile?" (new Error("", "(unknown module)"))
1615534801467	Marionette	INFO	Listening on port 3070
1615534801826	Marionette	WARN	TLS certificate errors will be ignored for this session
1615534818112	Marionette	INFO	Stopped listening on port 3070
1615535255828	geckodriver	INFO	Listening on 127.0.0.1:7572
1615535259059	mozrunner::runner	INFO	Running command: "C:\\Program Files\\Mozilla Firefox\\firefox.exe" "--marionette" "--no-sandbox" "--headless" "-foreground" "-no-remote" "-profile" "C:\\Users\\circle\\AppData\\Local\\Temp\\rust_mozprofilebiiuH3"
*** You are running in headless mode.
console.warn: SearchSettings: "get: No settings file exists, new profile?" (new Error("", "(unknown module)"))
1615535260192	Marionette	INFO	Listening on port 7584
1615535260632	Marionette	WARN	TLS certificate errors will be ignored for this session
console.error: Region.jsm: "Error fetching region" (new Error("TIMEOUT", "resource://gre/modules/Region.jsm", 775))
console.error: Region.jsm: "Failed to fetch region" (new Error("TIMEOUT", "resource://gre/modules/Region.jsm", 422))
1615535276163	Marionette	INFO	Stopped listening on port 7584
1615535459621	geckodriver	INFO	Listening on 127.0.0.1:8108
1615535462818	mozrunner::runner	INFO	Running command: "C:\\Program Files\\Mozilla Firefox\\firefox.exe" "--marionette" "--no-sandbox" "--headless" "-foreground" "-no-remote" "-profile" "C:\\Users\\circle\\AppData\\Local\\Temp\\rust_mozprofilePbSnV5"
*** You are running in headless mode.
console.warn: SearchSettings: "get: No settings file exists, new profile?" (new Error("", "(unknown module)"))
1615535464095	Marionette	INFO	Listening on port 8122
1615535464360	Marionette	WARN	TLS certificate errors will be ignored for this session
1615535480121	Marionette	INFO	Stopped listening on port 8122
